{"/home/diegozup/dev/repo/z/node/typescript-hands-on-1/src/domain/Operation.ts": {"path":"/home/diegozup/dev/repo/z/node/typescript-hands-on-1/src/domain/Operation.ts","statementMap":{"0":{"start":{"line":1,"column":0},"end":{"line":1,"column":null}},"1":{"start":{"line":2,"column":4},"end":{"line":2,"column":null}},"2":{"start":{"line":3,"column":4},"end":{"line":3,"column":null}},"3":{"start":{"line":4,"column":4},"end":{"line":4,"column":null}},"4":{"start":{"line":5,"column":4},"end":{"line":5,"column":null}},"5":{"start":{"line":6,"column":4},"end":{"line":6,"column":null}},"6":{"start":{"line":7,"column":4},"end":{"line":7,"column":null}}},"fnMap":{"0":{"name":"(anonymous_0)","decl":{"start":{"line":1,"column":0},"end":{"line":1,"column":12}},"loc":{"start":{"line":1,"column":21},"end":{"line":8,"column":1}}}},"branchMap":{"0":{"loc":{"start":{"line":1,"column":12},"end":{"line":1,"column":21}},"type":"binary-expr","locations":[{"start":{"line":1,"column":12},"end":{"line":1,"column":21}},{"start":{"line":1,"column":12},"end":{"line":1,"column":null}}]}},"s":{"0":1,"1":1,"2":1,"3":1,"4":1,"5":1,"6":1},"f":{"0":1},"b":{"0":[1,1]}}
,"/home/diegozup/dev/repo/z/node/typescript-hands-on-1/src/service/TsBankService.ts": {"path":"/home/diegozup/dev/repo/z/node/typescript-hands-on-1/src/service/TsBankService.ts","statementMap":{"0":{"start":{"line":2,"column":0},"end":{"line":2,"column":48}},"1":{"start":{"line":3,"column":0},"end":{"line":3,"column":40}},"2":{"start":{"line":10,"column":8},"end":{"line":10,"column":34}},"3":{"start":{"line":14,"column":26},"end":{"line":14,"column":70}},"4":{"start":{"line":15,"column":8},"end":{"line":17,"column":null}},"5":{"start":{"line":16,"column":12},"end":{"line":16,"column":48}},"6":{"start":{"line":18,"column":8},"end":{"line":18,"column":44}},"7":{"start":{"line":22,"column":27},"end":{"line":22,"column":81}},"8":{"start":{"line":23,"column":8},"end":{"line":23,"column":null}},"9":{"start":{"line":27,"column":28},"end":{"line":27,"column":59}},"10":{"start":{"line":28,"column":8},"end":{"line":28,"column":null}},"11":{"start":{"line":32,"column":32},"end":{"line":32,"column":71}},"12":{"start":{"line":34,"column":34},"end":{"line":34,"column":62}},"13":{"start":{"line":35,"column":8},"end":{"line":38,"column":null}},"14":{"start":{"line":36,"column":12},"end":{"line":36,"column":64}},"15":{"start":{"line":37,"column":12},"end":{"line":37,"column":62}},"16":{"start":{"line":40,"column":25},"end":{"line":40,"column":75}},"17":{"start":{"line":41,"column":8},"end":{"line":44,"column":null}},"18":{"start":{"line":42,"column":12},"end":{"line":42,"column":null}},"19":{"start":{"line":43,"column":12},"end":{"line":43,"column":63}},"20":{"start":{"line":46,"column":8},"end":{"line":46,"column":34}},"21":{"start":{"line":50,"column":24},"end":{"line":50,"column":52}},"22":{"start":{"line":53,"column":8},"end":{"line":55,"column":null}},"23":{"start":{"line":54,"column":12},"end":{"line":54,"column":null}},"24":{"start":{"line":57,"column":8},"end":{"line":57,"column":null}},"25":{"start":{"line":61,"column":24},"end":{"line":61,"column":68}},"26":{"start":{"line":63,"column":8},"end":{"line":65,"column":null}},"27":{"start":{"line":64,"column":12},"end":{"line":64,"column":null}},"28":{"start":{"line":67,"column":8},"end":{"line":69,"column":null}},"29":{"start":{"line":68,"column":12},"end":{"line":68,"column":null}},"30":{"start":{"line":71,"column":28},"end":{"line":71,"column":59}},"31":{"start":{"line":73,"column":8},"end":{"line":73,"column":null}},"32":{"start":{"line":74,"column":8},"end":{"line":74,"column":null}},"33":{"start":{"line":76,"column":8},"end":{"line":76,"column":null}},"34":{"start":{"line":80,"column":8},"end":{"line":80,"column":null}},"35":{"start":{"line":5,"column":0},"end":{"line":5,"column":13}}},"fnMap":{"0":{"name":"(anonymous_0)","decl":{"start":{"line":9,"column":4},"end":{"line":9,"column":null}},"loc":{"start":{"line":9,"column":4},"end":{"line":11,"column":5}}},"1":{"name":"(anonymous_1)","decl":{"start":{"line":13,"column":11},"end":{"line":13,"column":24}},"loc":{"start":{"line":13,"column":41},"end":{"line":19,"column":5}}},"2":{"name":"(anonymous_2)","decl":{"start":{"line":21,"column":11},"end":{"line":21,"column":32}},"loc":{"start":{"line":21,"column":43},"end":{"line":24,"column":5}}},"3":{"name":"(anonymous_3)","decl":{"start":{"line":26,"column":12},"end":{"line":26,"column":26}},"loc":{"start":{"line":26,"column":43},"end":{"line":29,"column":5}}},"4":{"name":"(anonymous_4)","decl":{"start":{"line":31,"column":12},"end":{"line":31,"column":36}},"loc":{"start":{"line":31,"column":102},"end":{"line":47,"column":5}}},"5":{"name":"(anonymous_5)","decl":{"start":{"line":49,"column":12},"end":{"line":49,"column":31}},"loc":{"start":{"line":49,"column":75},"end":{"line":58,"column":5}}},"6":{"name":"(anonymous_6)","decl":{"start":{"line":60,"column":11},"end":{"line":60,"column":18}},"loc":{"start":{"line":60,"column":35},"end":{"line":77,"column":5}}},"7":{"name":"(anonymous_7)","decl":{"start":{"line":79,"column":12},"end":{"line":79,"column":26}},"loc":{"start":{"line":79,"column":43},"end":{"line":81,"column":5}}}},"branchMap":{"0":{"loc":{"start":{"line":15,"column":8},"end":{"line":17,"column":null}},"type":"if","locations":[{"start":{"line":15,"column":8},"end":{"line":17,"column":null}},{"start":{"line":15,"column":8},"end":{"line":17,"column":null}}]},"1":{"loc":{"start":{"line":23,"column":35},"end":{"line":23,"column":48}},"type":"cond-expr","locations":[{"start":{"line":23,"column":35},"end":{"line":23,"column":48}},{"start":{"line":23,"column":51},"end":{"line":23,"column":55}}]},"2":{"loc":{"start":{"line":35,"column":8},"end":{"line":38,"column":null}},"type":"if","locations":[{"start":{"line":35,"column":8},"end":{"line":38,"column":null}},{"start":{"line":35,"column":8},"end":{"line":38,"column":null}}]},"3":{"loc":{"start":{"line":41,"column":8},"end":{"line":44,"column":null}},"type":"if","locations":[{"start":{"line":41,"column":8},"end":{"line":44,"column":null}},{"start":{"line":41,"column":8},"end":{"line":44,"column":null}}]},"4":{"loc":{"start":{"line":53,"column":8},"end":{"line":55,"column":null}},"type":"if","locations":[{"start":{"line":53,"column":8},"end":{"line":55,"column":null}},{"start":{"line":53,"column":8},"end":{"line":55,"column":null}}]},"5":{"loc":{"start":{"line":57,"column":51},"end":{"line":57,"column":53}},"type":"cond-expr","locations":[{"start":{"line":57,"column":51},"end":{"line":57,"column":53}},{"start":{"line":57,"column":56},"end":{"line":57,"column":66}}]},"6":{"loc":{"start":{"line":57,"column":15},"end":{"line":57,"column":26}},"type":"binary-expr","locations":[{"start":{"line":57,"column":15},"end":{"line":57,"column":26}},{"start":{"line":57,"column":30},"end":{"line":57,"column":48}}]},"7":{"loc":{"start":{"line":63,"column":8},"end":{"line":65,"column":null}},"type":"if","locations":[{"start":{"line":63,"column":8},"end":{"line":65,"column":null}},{"start":{"line":63,"column":8},"end":{"line":65,"column":null}}]},"8":{"loc":{"start":{"line":67,"column":8},"end":{"line":69,"column":null}},"type":"if","locations":[{"start":{"line":67,"column":8},"end":{"line":69,"column":null}},{"start":{"line":67,"column":8},"end":{"line":69,"column":null}}]}},"s":{"0":1,"1":1,"2":1,"3":5,"4":5,"5":1,"6":4,"7":9,"8":9,"9":4,"10":4,"11":5,"12":5,"13":5,"14":4,"15":4,"16":5,"17":5,"18":5,"19":5,"20":5,"21":14,"22":14,"23":9,"24":14,"25":3,"26":3,"27":1,"28":2,"29":1,"30":1,"31":1,"32":1,"33":1,"34":2,"35":1},"f":{"0":1,"1":5,"2":9,"3":4,"4":5,"5":14,"6":3,"7":2},"b":{"0":[1,4],"1":[4,5],"2":[4,1],"3":[5,0],"4":[9,5],"5":[10,4],"6":[14,4],"7":[1,2],"8":[1,1]}}
,"/home/diegozup/dev/repo/z/node/typescript-hands-on-1/src/util/utis.ts": {"path":"/home/diegozup/dev/repo/z/node/typescript-hands-on-1/src/util/utis.ts","statementMap":{"0":{"start":{"line":1,"column":22},"end":{"line":1,"column":61}},"1":{"start":{"line":1,"column":28},"end":{"line":1,"column":61}},"2":{"start":{"line":1,"column":11},"end":{"line":1,"column":22}}},"fnMap":{"0":{"name":"(anonymous_0)","decl":{"start":{"line":1,"column":22},"end":{"line":1,"column":25}},"loc":{"start":{"line":1,"column":28},"end":{"line":1,"column":61}}}},"branchMap":{},"s":{"0":1,"1":15,"2":1},"f":{"0":15},"b":{}}
}
