TN:
SF:src/domain/Operation.ts
FN:1,(anonymous_0)
FNF:1
FNH:1
FNDA:1,(anonymous_0)
DA:1,1
DA:2,1
DA:3,1
DA:4,1
DA:5,1
DA:6,1
DA:7,1
LF:7
LH:7
BRDA:1,0,0,1
BRDA:1,0,1,1
BRF:2
BRH:2
end_of_record
TN:
SF:src/service/TsBankService.ts
FN:9,(anonymous_0)
FN:13,(anonymous_1)
FN:21,(anonymous_2)
FN:26,(anonymous_3)
FN:31,(anonymous_4)
FN:49,(anonymous_5)
FN:60,(anonymous_6)
FN:79,(anonymous_7)
FNF:8
FNH:8
FNDA:1,(anonymous_0)
FNDA:5,(anonymous_1)
FNDA:9,(anonymous_2)
FNDA:4,(anonymous_3)
FNDA:5,(anonymous_4)
FNDA:14,(anonymous_5)
FNDA:3,(anonymous_6)
FNDA:2,(anonymous_7)
DA:2,1
DA:3,1
DA:5,1
DA:10,1
DA:14,5
DA:15,5
DA:16,1
DA:18,4
DA:22,9
DA:23,9
DA:27,4
DA:28,4
DA:32,5
DA:34,5
DA:35,5
DA:36,4
DA:37,4
DA:40,5
DA:41,5
DA:42,5
DA:43,5
DA:46,5
DA:50,14
DA:53,14
DA:54,9
DA:57,14
DA:61,3
DA:63,3
DA:64,1
DA:67,2
DA:68,1
DA:71,1
DA:73,1
DA:74,1
DA:76,1
DA:80,2
LF:36
LH:36
BRDA:15,0,0,1
BRDA:15,0,1,4
BRDA:23,1,0,4
BRDA:23,1,1,5
BRDA:35,2,0,4
BRDA:35,2,1,1
BRDA:41,3,0,5
BRDA:41,3,1,0
BRDA:53,4,0,9
BRDA:53,4,1,5
BRDA:57,5,0,10
BRDA:57,5,1,4
BRDA:57,6,0,14
BRDA:57,6,1,4
BRDA:63,7,0,1
BRDA:63,7,1,2
BRDA:67,8,0,1
BRDA:67,8,1,1
BRF:18
BRH:17
end_of_record
TN:
SF:src/util/utis.ts
FN:1,(anonymous_0)
FNF:1
FNH:1
FNDA:15,(anonymous_0)
DA:1,15
LF:1
LH:1
BRF:0
BRH:0
end_of_record
